<?xml version="1.0" encoding="UTF-8"?>
<!-- Generated by org.testng.reporters.JUnitReportReporter -->
<testsuite hostname="DESKTOP-E4JELKD" failures="0" tests="8" name="Test.Buy_indraday_share_test" time="24.722" errors="0" timestamp="27 Apr 2022 08:09:45 GMT" skipped="0">
  <testcase classname="Test.Buy_indraday_share_test" name="loginwithvalidcreadintial" time="8.497"/>
  <testcase classname="Test.Buy_indraday_share_test" name="buyshareusingtestng" time="11.558"/>
  <testcase classname="Test.Buy_indraday_share_test" name="nse_bse" time="0.388"/>
  <testcase classname="Test.Buy_indraday_share_test" name="buynsebsc" time="1.330"/>
  <testcase classname="Test.Buy_indraday_share_test" name="intrday_longterm" time="0.360"/>
  <testcase classname="Test.Buy_indraday_share_test" name="select_quantity" time="0.277"/>
  <testcase classname="Test.Buy_indraday_share_test" name="market_limite" time="1.358"/>
  <testcase classname="Test.Buy_indraday_share_test" name="sl_slm" time="0.954"/>
</testsuite> <!-- Test.Buy_indraday_share_test -->
