<?xml version="1.0" encoding="UTF-8"?>
<!-- Generated by org.testng.reporters.JUnitReportReporter -->
<testsuite hostname="DESKTOP-E4JELKD" failures="0" tests="2" name="Test.Zerodha_buy_share_test" time="15.974" errors="0" timestamp="27 Apr 2022 14:06:42 GMT" skipped="0">
  <testcase classname="Test.Zerodha_buy_share_test" name="loginwithvalidcreadintial" time="8.048"/>
  <testcase classname="Test.Zerodha_buy_share_test" name="buyshareusingtestng" time="7.926"/>
</testsuite> <!-- Test.Zerodha_buy_share_test -->
