<?xml version="1.0" encoding="UTF-8"?>
<!-- Generated by org.testng.reporters.JUnitReportReporter -->
<testsuite hostname="DESKTOP-E4JELKD" failures="0" tests="1" name="Test.Home" time="32.758" errors="0" timestamp="21 Apr 2022 13:01:36 GMT" skipped="0">
  <testcase classname="Test.Home" name="open_browser" time="32.758"/>
</testsuite> <!-- Test.Home -->
