<?xml version="1.0" encoding="UTF-8"?>
<!-- Generated by org.testng.reporters.JUnitReportReporter -->
<testsuite hostname="LAPTOP-IO7O6G3K" failures="0" tests="1" name="Test.HomePageTest" time="4.608" errors="0" timestamp="2022-04-28T09:51:16 IST" skipped="0">
  <testcase classname="Test.HomePageTest" name="buyStockTest" time="4.608"/>
  <system-out/>
</testsuite> <!-- Test.HomePageTest -->
